<?xml version="1.0" encoding="UTF-8"?>
<!-- Generated by org.testng.reporters.JUnitXMLReporter -->
<testsuite ignored="2" hostname="LAPTOP-KT0DL86G" failures="0" tests="0" time="0.21" errors="0" timestamp="2022-04-07T12:48:16 IST">
  <testcase classname="LearningMaven.MavenProj.SeleniumTest" name="browserTest" time="0.0">
    <ignored/>
  </testcase> <!-- browserTest -->
  <testcase classname="LearningMaven.MavenProj.SeleniumTest" name="elementsUI" time="0.0">
    <ignored/>
  </testcase> <!-- elementsUI -->
</testsuite>
