<?xml version="1.0" encoding="UTF-8"?>
<testng-results ignored="2" total="2" passed="0" failed="0" skipped="0">
  <reporter-output>
  </reporter-output>
  <suite started-at="2022-04-07T12:48:16 IST" name="Default suite" finished-at="2022-04-07T12:48:16 IST" duration-ms="210">
    <groups>
    </groups>
    <test started-at="2022-04-07T12:48:16 IST" name="Default test" finished-at="2022-04-07T12:48:16 IST" duration-ms="210">
      <class name="LearningMaven.MavenProj.SeleniumTest">
        <test-method is-config="true" signature="config()[pri:0, instance:LearningMaven.MavenProj.SeleniumTest@3012646b]" started-at="2022-04-07T12:48:16 IST" name="config" finished-at="2022-04-07T12:48:16 IST" duration-ms="197" status="PASS">
          <reporter-output>
          </reporter-output>
        </test-method> <!-- config -->
      </class> <!-- LearningMaven.MavenProj.SeleniumTest -->
    </test> <!-- Default test -->
  </suite> <!-- Default suite -->
</testng-results>
